<?xml version="1.0" encoding="UTF-8"?>
<testng-results ignored="0" total="2" passed="2" failed="0" skipped="0">
  <reporter-output>
  </reporter-output>
  <suite started-at="2025-09-07T14:03:43 IST" name="My_suite1" finished-at="2025-09-07T14:03:43 IST" duration-ms="143">
    <groups>
    </groups>
    <test started-at="2025-09-07T14:03:43 IST" name="Test1" finished-at="2025-09-07T14:03:43 IST" duration-ms="143">
      <class name="tng.test.class_tng2">
        <test-method is-config="true" signature="TNG7()[pri:0, instance:tng.test.class_tng2@158d2680]" started-at="2025-09-07T14:03:43 IST" name="TNG7" finished-at="2025-09-07T14:03:43 IST" duration-ms="1" status="PASS">
          <reporter-output>
          </reporter-output>
        </test-method> <!-- TNG7 -->
        <test-method signature="TNG9()[pri:0, instance:tng.test.class_tng2@158d2680]" started-at="2025-09-07T14:03:43 IST" name="TNG9" finished-at="2025-09-07T14:03:43 IST" duration-ms="4" status="PASS">
          <reporter-output>
          </reporter-output>
        </test-method> <!-- TNG9 -->
        <test-method is-config="true" signature="TNG8()[pri:0, instance:tng.test.class_tng2@158d2680]" started-at="2025-09-07T14:03:43 IST" name="TNG8" finished-at="2025-09-07T14:03:43 IST" duration-ms="1" status="PASS">
          <reporter-output>
          </reporter-output>
        </test-method> <!-- TNG8 -->
      </class> <!-- tng.test.class_tng2 -->
      <class name="tng.test.class_tng1">
        <test-method is-config="true" signature="TNG1()[pri:0, instance:tng.test.class_tng1@a514af7]" started-at="2025-09-07T14:03:43 IST" name="TNG1" finished-at="2025-09-07T14:03:43 IST" duration-ms="15" status="PASS">
          <reporter-output>
          </reporter-output>
        </test-method> <!-- TNG1 -->
        <test-method signature="TNG2()[pri:0, instance:tng.test.class_tng1@a514af7]" started-at="2025-09-07T14:03:43 IST" name="TNG2" finished-at="2025-09-07T14:03:43 IST" duration-ms="16" status="PASS">
          <reporter-output>
          </reporter-output>
        </test-method> <!-- TNG2 -->
        <test-method is-config="true" signature="TNG3()[pri:0, instance:tng.test.class_tng1@a514af7]" started-at="2025-09-07T14:03:43 IST" name="TNG3" finished-at="2025-09-07T14:03:43 IST" duration-ms="2" status="PASS">
          <reporter-output>
          </reporter-output>
        </test-method> <!-- TNG3 -->
      </class> <!-- tng.test.class_tng1 -->
    </test> <!-- Test1 -->
  </suite> <!-- My_suite1 -->
</testng-results>
